GROUP,PACKAGE,CLASS,INSTRUCTION_MISSED,INSTRUCTION_COVERED,BRANCH_MISSED,BRANCH_COVERED,LINE_MISSED,LINE_COVERED,COMPLEXITY_MISSED,COMPLEXITY_COVERED,METHOD_MISSED,METHOD_COVERED
testing-java,testing,Order,0,31,0,0,0,10,0,6,0,6
testing-java,testing,Account,3,31,1,1,1,14,1,6,0,6
testing-java,testing,Meal,26,84,6,8,3,24,5,12,1,9
testing-java,testing,Cart,39,17,2,0,10,5,3,3,2,3
testing-java,testing,Address,0,9,0,0,0,4,0,1,0,1
testing-java,testing,OrderStatus,0,34,0,0,0,2,0,1,0,1
testing-java,testing,OrderBackup,0,39,0,0,0,11,0,5,0,5
