<?xml version="1.0" encoding="UTF-8"?>
<testsuite xmlns:xsi="http://www.w3.org/2001/XMLSchema-instance" xsi:noNamespaceSchemaLocation="https://maven.apache.org/surefire/maven-surefire-plugin/xsd/surefire-test-report.xsd" name="testing.CartTest" time="0.041" tests="2" errors="0" skipped="1" failures="0">
  <properties>
[...]
</properties>
  <testcase name="cartShouldNotBeEmptyAfterAddingOrderToCart" classname="testing.CartTest" time="0"/>
  <testcase name="simulateLargeOrder" classname="testing.CartTest" time="0">
    <skipped message="void testing.CartTest.simulateLargeOrder() is @Disabled"/>
  </testcase>
</testsuite>